# JRE version: 7.0_11-b21
# Java VM: Java HotSpot(TM) Client VM (23.6-b04 mixed mode windows-x86 )
Heap
 def new generation   total 26432K, used 5686K [0x102e0000, 0x11f80000, 0x122e0000)
  eden space 23552K,  13% used [0x102e0000, 0x1060a8a0, 0x119e0000)
  from space 2880K,  84% used [0x119e0000, 0x11c43248, 0x11cb0000)
  to   space 2880K,   0% used [0x11cb0000, 0x11cb0000, 0x11f80000)
 tenured generation   total 87728K, used 61286K [0x122e0000, 0x1788c000, 0x182e0000)
   the space 87728K,  69% used [0x122e0000, 0x15eb9be8, 0x15eb9c00, 0x1788c000)
 compacting perm gen  total 38656K, used 38442K [0x182e0000, 0x1a8a0000, 0x1e2e0000)
   the space 38656K,  99% used [0x182e0000, 0x1a86ab50, 0x1a86ac00, 0x1a8a0000)
GC Heap History (10 events):
Event: 2740.029 GC heap before
{Heap before GC invocations=256 (full 2):
 def new generation   total 26432K, used 23745K [0x102e0000, 0x11f80000, 0x122e0000)
  eden space 23552K, 100% used [0x102e0000, 0x119e0000, 0x119e0000)
  from space 2880K,   6% used [0x11cb0000, 0x11ce04d8, 0x11f80000)
  to   space 2880K,   0% used [0x119e0000, 0x119e0000, 0x11cb0000)
 tenured generation   total 87728K, used 61286K [0x122e0000, 0x1788c000, 0x182e0000)
   the space 87728K,  69% used [0x122e0000, 0x15eb9be8, 0x15eb9c00, 0x1788c000)
 compacting perm gen  total 38400K, used 38381K [0x182e0000, 0x1a860000, 0x1e2e0000)
   the space 38400K,  99% used [0x182e0000, 0x1a85b5b8, 0x1a85b600, 0x1a860000)
No shared spaces configured.
Event: 2740.034 GC heap after
Heap after GC invocations=257 (full 2):
 def new generation   total 26432K, used 448K [0x102e0000, 0x11f80000, 0x122e0000)
  eden space 23552K,   0% used [0x102e0000, 0x102e0000, 0x119e0000)
  from space 2880K,  15% used [0x119e0000, 0x11a50128, 0x11cb0000)
  to   space 2880K,   0% used [0x11cb0000, 0x11cb0000, 0x11f80000)
 tenured generation   total 87728K, used 61286K [0x122e0000, 0x1788c000, 0x182e0000)
   the space 87728K,  69% used [0x122e0000, 0x15eb9be8, 0x15eb9c00, 0x1788c000)
 compacting perm gen  total 38400K, used 38381K [0x182e0000, 0x1a860000, 0x1e2e0000)
   the space 38400K,  99% used [0x182e0000, 0x1a85b5b8, 0x1a85b600, 0x1a860000)
No shared spaces configured.
}
Event: 2741.644 GC heap before
{Heap before GC invocations=257 (full 2):
 def new generation   total 26432K, used 24000K [0x102e0000, 0x11f80000, 0x122e0000)
  eden space 23552K, 100% used [0x102e0000, 0x119e0000, 0x119e0000)
  from space 2880K,  15% used [0x119e0000, 0x11a50128, 0x11cb0000)
  to   space 2880K,   0% used [0x11cb0000, 0x11cb0000, 0x11f80000)
 tenured generation   total 87728K, used 61286K [0x122e0000, 0x1788c000, 0x182e0000)
   the space 87728K,  69% used [0x122e0000, 0x15eb9be8, 0x15eb9c00, 0x1788c000)
 compacting perm gen  total 38656K, used 38437K [0x182e0000, 0x1a8a0000, 0x1e2e0000)
   the space 38656K,  99% used [0x182e0000, 0x1a8697c0, 0x1a869800, 0x1a8a0000)
No shared spaces configured.
Event: 2741.651 GC heap after
Heap after GC invocations=258 (full 2):
 def new generation   total 26432K, used 1142K [0x102e0000, 0x11f80000, 0x122e0000)
  eden space 23552K,   0% used [0x102e0000, 0x102e0000, 0x119e0000)
  from space 2880K,  39% used [0x11cb0000, 0x11dcd878, 0x11f80000)
  to   space 2880K,   0% used [0x119e0000, 0x119e0000, 0x11cb0000)
 tenured generation   total 87728K, used 61286K [0x122e0000, 0x1788c000, 0x182e0000)
   the space 87728K,  69% used [0x122e0000, 0x15eb9be8, 0x15eb9c00, 0x1788c000)
 compacting perm gen  total 38656K, used 38437K [0x182e0000, 0x1a8a0000, 0x1e2e0000)
   the space 38656K,  99% used [0x182e0000, 0x1a8697c0, 0x1a869800, 0x1a8a0000)
No shared spaces configured.
}
Event: 2750.786 GC heap before
{Heap before GC invocations=258 (full 2):
 def new generation   total 26432K, used 24694K [0x102e0000, 0x11f80000, 0x122e0000)
  eden space 23552K, 100% used [0x102e0000, 0x119e0000, 0x119e0000)
  from space 2880K,  39% used [0x11cb0000, 0x11dcd878, 0x11f80000)
  to   space 2880K,   0% used [0x119e0000, 0x119e0000, 0x11cb0000)
 tenured generation   total 87728K, used 61286K [0x122e0000, 0x1788c000, 0x182e0000)
   the space 87728K,  69% used [0x122e0000, 0x15eb9be8, 0x15eb9c00, 0x1788c000)
 compacting perm gen  total 38656K, used 38438K [0x182e0000, 0x1a8a0000, 0x1e2e0000)
   the space 38656K,  99% used [0x182e0000, 0x1a869820, 0x1a869a00, 0x1a8a0000)
No shared spaces configured.
Event: 2750.794 GC heap after
Heap after GC invocations=259 (full 2):
 def new generation   total 26432K, used 1249K [0x102e0000, 0x11f80000, 0x122e0000)
  eden space 23552K,   0% used [0x102e0000, 0x102e0000, 0x119e0000)
  from space 2880K,  43% used [0x119e0000, 0x11b18770, 0x11cb0000)
  to   space 2880K,   0% used [0x11cb0000, 0x11cb0000, 0x11f80000)
 tenured generation   total 87728K, used 61286K [0x122e0000, 0x1788c000, 0x182e0000)
   the space 87728K,  69% used [0x122e0000, 0x15eb9be8, 0x15eb9c00, 0x1788c000)
 compacting perm gen  total 38656K, used 38438K [0x182e0000, 0x1a8a0000, 0x1e2e0000)
   the space 38656K,  99% used [0x182e0000, 0x1a869820, 0x1a869a00, 0x1a8a0000)
No shared spaces configured.
}
Event: 2767.920 GC heap before
{Heap before GC invocations=259 (full 2):
 def new generation   total 26432K, used 24801K [0x102e0000, 0x11f80000, 0x122e0000)
  eden space 23552K, 100% used [0x102e0000, 0x119e0000, 0x119e0000)
  from space 2880K,  43% used [0x119e0000, 0x11b18770, 0x11cb0000)
  to   space 2880K,   0% used [0x11cb0000, 0x11cb0000, 0x11f80000)
 tenured generation   total 87728K, used 61286K [0x122e0000, 0x1788c000, 0x182e0000)
   the space 87728K,  69% used [0x122e0000, 0x15eb9be8, 0x15eb9c00, 0x1788c000)
 compacting perm gen  total 38656K, used 38438K [0x182e0000, 0x1a8a0000, 0x1e2e0000)
   the space 38656K,  99% used [0x182e0000, 0x1a869890, 0x1a869a00, 0x1a8a0000)
No shared spaces configured.
Event: 2767.929 GC heap after
Heap after GC invocations=260 (full 2):
 def new generation   total 26432K, used 1410K [0x102e0000, 0x11f80000, 0x122e0000)
  eden space 23552K,   0% used [0x102e0000, 0x102e0000, 0x119e0000)
  from space 2880K,  48% used [0x11cb0000, 0x11e10b50, 0x11f80000)
  to   space 2880K,   0% used [0x119e0000, 0x119e0000, 0x11cb0000)
 tenured generation   total 87728K, used 61286K [0x122e0000, 0x1788c000, 0x182e0000)
   the space 87728K,  69% used [0x122e0000, 0x15eb9be8, 0x15eb9c00, 0x1788c000)
 compacting perm gen  total 38656K, used 38438K [0x182e0000, 0x1a8a0000, 0x1e2e0000)
   the space 38656K,  99% used [0x182e0000, 0x1a869890, 0x1a869a00, 0x1a8a0000)
No shared spaces configured.
}
Event: 2768.544 GC heap before
{Heap before GC invocations=260 (full 2):
 def new generation   total 26432K, used 24962K [0x102e0000, 0x11f80000, 0x122e0000)
  eden space 23552K, 100% used [0x102e0000, 0x119e0000, 0x119e0000)
  from space 2880K,  48% used [0x11cb0000, 0x11e10b50, 0x11f80000)
  to   space 2880K,   0% used [0x119e0000, 0x119e0000, 0x11cb0000)
 tenured generation   total 87728K, used 61286K [0x122e0000, 0x1788c000, 0x182e0000)
   the space 87728K,  69% used [0x122e0000, 0x15eb9be8, 0x15eb9c00, 0x1788c000)
 compacting perm gen  total 38656K, used 38442K [0x182e0000, 0x1a8a0000, 0x1e2e0000)
   the space 38656K,  99% used [0x182e0000, 0x1a86ab40, 0x1a86ac00, 0x1a8a0000)
No shared spaces configured.
Event: 2768.559 GC heap after
Heap after GC invocations=261 (full 2):
 def new generation   total 26432K, used 2444K [0x102e0000, 0x11f80000, 0x122e0000)
  eden space 23552K,   0% used [0x102e0000, 0x102e0000, 0x119e0000)
  from space 2880K,  84% used [0x119e0000, 0x11c43248, 0x11cb0000)
  to   space 2880K,   0% used [0x11cb0000, 0x11cb0000, 0x11f80000)
 tenured generation   total 87728K, used 61286K [0x122e0000, 0x1788c000, 0x182e0000)
   the space 87728K,  69% used [0x122e0000, 0x15eb9be8, 0x15eb9c00, 0x1788c000)
 compacting perm gen  total 38656K, used 38442K [0x182e0000, 0x1a8a0000, 0x1e2e0000)
   the space 38656K,  99% used [0x182e0000, 0x1a86ab40, 0x1a86ac00, 0x1a8a0000)
No shared spaces configured.
}

