# JRE version: 7.0_11-b21
# Java VM: Java HotSpot(TM) Client VM (23.6-b04 mixed mode windows-x86 )
Heap
 def new generation   total 29504K, used 6050K [0x102e0000, 0x122e0000, 0x122e0000)
  eden space 26240K,  10% used [0x102e0000, 0x10598b00, 0x11c80000)
  from space 3264K, 100% used [0x11c80000, 0x11fb0000, 0x11fb0000)
  to   space 3264K,   0% used [0x11fb0000, 0x11fb0000, 0x122e0000)
 tenured generation   total 98304K, used 89082K [0x122e0000, 0x182e0000, 0x182e0000)
   the space 98304K,  90% used [0x122e0000, 0x179dea18, 0x179dec00, 0x182e0000)
 compacting perm gen  total 40704K, used 40476K [0x182e0000, 0x1aaa0000, 0x1e2e0000)
   the space 40704K,  99% used [0x182e0000, 0x1aa672c0, 0x1aa67400, 0x1aaa0000)
GC Heap History (10 events):
Event: 4060.746 GC heap before
{Heap before GC invocations=496 (full 3):
 def new generation   total 29504K, used 27219K [0x102e0000, 0x122e0000, 0x122e0000)
  eden space 26240K, 100% used [0x102e0000, 0x11c80000, 0x11c80000)
  from space 3264K,  30% used [0x11fb0000, 0x120a4fe0, 0x122e0000)
  to   space 3264K,   0% used [0x11c80000, 0x11c80000, 0x11fb0000)
 tenured generation   total 98304K, used 88431K [0x122e0000, 0x182e0000, 0x182e0000)
   the space 98304K,  89% used [0x122e0000, 0x1793bde0, 0x1793be00, 0x182e0000)
 compacting perm gen  total 40192K, used 40144K [0x182e0000, 0x1aa20000, 0x1e2e0000)
   the space 40192K,  99% used [0x182e0000, 0x1aa14088, 0x1aa14200, 0x1aa20000)
No shared spaces configured.
Event: 4060.753 GC heap after
Heap after GC invocations=497 (full 3):
 def new generation   total 29504K, used 853K [0x102e0000, 0x122e0000, 0x122e0000)
  eden space 26240K,   0% used [0x102e0000, 0x102e0000, 0x11c80000)
  from space 3264K,  26% used [0x11c80000, 0x11d554c0, 0x11fb0000)
  to   space 3264K,   0% used [0x11fb0000, 0x11fb0000, 0x122e0000)
 tenured generation   total 98304K, used 88431K [0x122e0000, 0x182e0000, 0x182e0000)
   the space 98304K,  89% used [0x122e0000, 0x1793bde0, 0x1793be00, 0x182e0000)
 compacting perm gen  total 40192K, used 40144K [0x182e0000, 0x1aa20000, 0x1e2e0000)
   the space 40192K,  99% used [0x182e0000, 0x1aa14088, 0x1aa14200, 0x1aa20000)
No shared spaces configured.
}
Event: 4078.748 GC heap before
{Heap before GC invocations=497 (full 3):
 def new generation   total 29504K, used 27093K [0x102e0000, 0x122e0000, 0x122e0000)
  eden space 26240K, 100% used [0x102e0000, 0x11c80000, 0x11c80000)
  from space 3264K,  26% used [0x11c80000, 0x11d554c0, 0x11fb0000)
  to   space 3264K,   0% used [0x11fb0000, 0x11fb0000, 0x122e0000)
 tenured generation   total 98304K, used 88431K [0x122e0000, 0x182e0000, 0x182e0000)
   the space 98304K,  89% used [0x122e0000, 0x1793bde0, 0x1793be00, 0x182e0000)
 compacting perm gen  total 40192K, used 40146K [0x182e0000, 0x1aa20000, 0x1e2e0000)
   the space 40192K,  99% used [0x182e0000, 0x1aa14b58, 0x1aa14c00, 0x1aa20000)
No shared spaces configured.
Event: 4078.755 GC heap after
Heap after GC invocations=498 (full 3):
 def new generation   total 29504K, used 917K [0x102e0000, 0x122e0000, 0x122e0000)
  eden space 26240K,   0% used [0x102e0000, 0x102e0000, 0x11c80000)
  from space 3264K,  28% used [0x11fb0000, 0x120957a0, 0x122e0000)
  to   space 3264K,   0% used [0x11c80000, 0x11c80000, 0x11fb0000)
 tenured generation   total 98304K, used 88431K [0x122e0000, 0x182e0000, 0x182e0000)
   the space 98304K,  89% used [0x122e0000, 0x1793bde0, 0x1793be00, 0x182e0000)
 compacting perm gen  total 40192K, used 40146K [0x182e0000, 0x1aa20000, 0x1e2e0000)
   the space 40192K,  99% used [0x182e0000, 0x1aa14b58, 0x1aa14c00, 0x1aa20000)
No shared spaces configured.
}
Event: 4093.749 GC heap before
{Heap before GC invocations=498 (full 3):
 def new generation   total 29504K, used 27157K [0x102e0000, 0x122e0000, 0x122e0000)
  eden space 26240K, 100% used [0x102e0000, 0x11c80000, 0x11c80000)
  from space 3264K,  28% used [0x11fb0000, 0x120957a0, 0x122e0000)
  to   space 3264K,   0% used [0x11c80000, 0x11c80000, 0x11fb0000)
 tenured generation   total 98304K, used 88431K [0x122e0000, 0x182e0000, 0x182e0000)
   the space 98304K,  89% used [0x122e0000, 0x1793bde0, 0x1793be00, 0x182e0000)
 compacting perm gen  total 40192K, used 40153K [0x182e0000, 0x1aa20000, 0x1e2e0000)
   the space 40192K,  99% used [0x182e0000, 0x1aa166c0, 0x1aa16800, 0x1aa20000)
No shared spaces configured.
Event: 4093.757 GC heap after
Heap after GC invocations=499 (full 3):
 def new generation   total 29504K, used 979K [0x102e0000, 0x122e0000, 0x122e0000)
  eden space 26240K,   0% used [0x102e0000, 0x102e0000, 0x11c80000)
  from space 3264K,  30% used [0x11c80000, 0x11d74d00, 0x11fb0000)
  to   space 3264K,   0% used [0x11fb0000, 0x11fb0000, 0x122e0000)
 tenured generation   total 98304K, used 88431K [0x122e0000, 0x182e0000, 0x182e0000)
   the space 98304K,  89% used [0x122e0000, 0x1793bde0, 0x1793be00, 0x182e0000)
 compacting perm gen  total 40192K, used 40153K [0x182e0000, 0x1aa20000, 0x1e2e0000)
   the space 40192K,  99% used [0x182e0000, 0x1aa166c0, 0x1aa16800, 0x1aa20000)
No shared spaces configured.
}
Event: 4105.437 GC heap before
{Heap before GC invocations=499 (full 3):
 def new generation   total 29504K, used 27219K [0x102e0000, 0x122e0000, 0x122e0000)
  eden space 26240K, 100% used [0x102e0000, 0x11c80000, 0x11c80000)
  from space 3264K,  30% used [0x11c80000, 0x11d74d00, 0x11fb0000)
  to   space 3264K,   0% used [0x11fb0000, 0x11fb0000, 0x122e0000)
 tenured generation   total 98304K, used 88431K [0x122e0000, 0x182e0000, 0x182e0000)
   the space 98304K,  89% used [0x122e0000, 0x1793bde0, 0x1793be00, 0x182e0000)
 compacting perm gen  total 40192K, used 40162K [0x182e0000, 0x1aa20000, 0x1e2e0000)
   the space 40192K,  99% used [0x182e0000, 0x1aa189b0, 0x1aa18a00, 0x1aa20000)
No shared spaces configured.
Event: 4105.446 GC heap after
Heap after GC invocations=500 (full 3):
 def new generation   total 29504K, used 1637K [0x102e0000, 0x122e0000, 0x122e0000)
  eden space 26240K,   0% used [0x102e0000, 0x102e0000, 0x11c80000)
  from space 3264K,  50% used [0x11fb0000, 0x12149540, 0x122e0000)
  to   space 3264K,   0% used [0x11c80000, 0x11c80000, 0x11fb0000)
 tenured generation   total 98304K, used 88431K [0x122e0000, 0x182e0000, 0x182e0000)
   the space 98304K,  89% used [0x122e0000, 0x1793bde0, 0x1793be00, 0x182e0000)
 compacting perm gen  total 40192K, used 40162K [0x182e0000, 0x1aa20000, 0x1e2e0000)
   the space 40192K,  99% used [0x182e0000, 0x1aa189b0, 0x1aa18a00, 0x1aa20000)
No shared spaces configured.
}
Event: 4106.017 GC heap before
{Heap before GC invocations=500 (full 3):
 def new generation   total 29504K, used 27877K [0x102e0000, 0x122e0000, 0x122e0000)
  eden space 26240K, 100% used [0x102e0000, 0x11c80000, 0x11c80000)
  from space 3264K,  50% used [0x11fb0000, 0x12149540, 0x122e0000)
  to   space 3264K,   0% used [0x11c80000, 0x11c80000, 0x11fb0000)
 tenured generation   total 98304K, used 88431K [0x122e0000, 0x182e0000, 0x182e0000)
   the space 98304K,  89% used [0x122e0000, 0x1793bde0, 0x1793be00, 0x182e0000)
 compacting perm gen  total 40448K, used 40419K [0x182e0000, 0x1aa60000, 0x1e2e0000)
   the space 40448K,  99% used [0x182e0000, 0x1aa58e88, 0x1aa59000, 0x1aa60000)
No shared spaces configured.
Event: 4106.037 GC heap after
Heap after GC invocations=501 (full 3):
 def new generation   total 29504K, used 3264K [0x102e0000, 0x122e0000, 0x122e0000)
  eden space 26240K,   0% used [0x102e0000, 0x102e0000, 0x11c80000)
  from space 3264K, 100% used [0x11c80000, 0x11fb0000, 0x11fb0000)
  to   space 3264K,   0% used [0x11fb0000, 0x11fb0000, 0x122e0000)
 tenured generation   total 98304K, used 89082K [0x122e0000, 0x182e0000, 0x182e0000)
   the space 98304K,  90% used [0x122e0000, 0x179dea18, 0x179dec00, 0x182e0000)
 compacting perm gen  total 40448K, used 40419K [0x182e0000, 0x1aa60000, 0x1e2e0000)
   the space 40448K,  99% used [0x182e0000, 0x1aa58e88, 0x1aa59000, 0x1aa60000)
No shared spaces configured.
}

